<?xml version="1.0" encoding="UTF-8"?>
<!-- Generated by org.testng.reporters.JUnitReportReporter -->
<testsuite hostname="DESKTOP-TR2GR2F" failures="0" tests="1" name="test.Firstcrytest" time="15.877" errors="0" timestamp="2023-07-07T12:49:19 PDT" skipped="0">
  <testcase classname="test.Firstcrytest" name="fstCryhome" time="15.877"/>
  <system-out/>
</testsuite> <!-- test.Firstcrytest -->
